Arguments: 
  /home/stella/.nvm/versions/node/v15.10.0/bin/node /home/stella/.nvm/versions/node/v15.10.0/bin/yarn init

PATH: 
  /home/stella/.nvm/versions/node/v15.10.0/bin:/usr/local/sbin:/usr/local/bin:/usr/sbin:/usr/bin:/sbin:/bin:/usr/games:/usr/local/games:/snap/bin

Yarn version: 
  1.22.10

Node version: 
  15.10.0

Platform: 
  linux x64

Trace: 
  Error: canceled
      at Interface.<anonymous> (/home/stella/.nvm/versions/node/v15.10.0/lib/node_modules/yarn/lib/cli.js:136216:13)
      at Interface.emit (node:events:378:20)
      at Interface._ttyWrite (node:readline:973:16)
      at ReadStream.onkeypress (node:readline:259:10)
      at ReadStream.emit (node:events:378:20)
      at emitKeys (node:internal/readline/utils:358:14)
      at emitKeys.next (<anonymous>)
      at ReadStream.onData (node:readline:1242:36)
      at ReadStream.emit (node:events:378:20)
      at addChunk (node:internal/streams/readable:313:12)

npm manifest: 
  {
    "name": "smart-contract-sms",
    "version": "1.0.0",
    "main": "index.js",
    "license": "MIT",
    "dependencies": {
      "@openzeppelin/contracts": "^4.1.0"
    }
  }

yarn manifest: 
  No manifest

Lockfile: 
  # THIS IS AN AUTOGENERATED FILE. DO NOT EDIT THIS FILE DIRECTLY.
  # yarn lockfile v1
  
  
  "@openzeppelin/contracts@^4.1.0":
    version "4.1.0"
    resolved "https://registry.yarnpkg.com/@openzeppelin/contracts/-/contracts-4.1.0.tgz#baec89a7f5f73e3d8ea582a78f1980134b605375"
    integrity sha512-TihZitscnaHNcZgXGj9zDLDyCqjziytB4tMCwXq0XimfWkAjBYyk5/pOsDbbwcavhlc79HhpTEpQcrMnPVa1mw==
